<?xml version="1.0" encoding="UTF-8"?>
<beans xmlns="http://www.springframework.org/schema/beans"
	xmlns:xsi="http://www.w3.org/2001/XMLSchema-instance" xmlns:context="http://www.springframework.org/schema/context"
	xsi:schemaLocation="
       http://www.springframework.org/schema/beans http://www.springframework.org/schema/beans/spring-beans.xsd
       http://www.springframework.org/schema/context http://www.springframework.org/schema/context/spring-context.xsd">


	<bean id="wsmanCredentials"
		class="com.dell.esg.icee.adapter.model.WsmanCredentials">
		<property name="address" value="172.31.62.226" />
		<property name="userName" value="root1" />
		<property name="password" value="calvin1" />
	</bean>

	<bean id="serverAdapterImpl" class="com.dell.esg.icee.adapter.server.ServerAdapterImpl" />
	
	<bean id="serverDeviceHardwareAdapterImpl" class="com.dell.esg.icee.adapter.server.ServerDeviceHardwareAdapterImpl" />

	<bean id="saConfigDelegate" class="com.dell.esg.icee.adapter.server.delegate.ServerAdapterConfigurationDelegate" />

	<bean id="saOnboardingDelegate" class="com.dell.esg.icee.adapter.server.delegate.ServerAdapterOnboardingDelegate" />

</beans>